<?xml version="1.0" encoding="UTF-8"?>
<!-- Generated by org.testng.reporters.JUnitXMLReporter -->
<testsuite ignored="0" hostname="PisePC" failures="0" tests="3" name="Default test" time="35.127" errors="0" timestamp="31 Aug 2020 00:23:02 GMT">
  <testcase classname="org.iit.mmp.patientmodule.tests.TS_EditPatientProfile" name="login" time="9.706"/>
  <testcase classname="org.iit.mmp.patientmodule.tests.TS_EditPatientProfile" name="editProfileAndVerify" time="13.665"/>
  <testcase classname="org.iit.mmp.patientmodule.tests.TS_EditPatientProfile" name="logout" time="0.318"/>
</testsuite> <!-- Default test -->
