<?xml version="1.0" encoding="UTF-8"?>
<!-- Generated by org.testng.reporters.JUnitXMLReporter -->
<testsuite ignored="0" hostname="PisePC" failures="0" tests="6" name="PatientProfile" time="95.62" errors="0" timestamp="01 Sep 2020 00:24:47 GMT">
  <testcase classname="org.iit.mmp.patientmodule.tests.TS_EditPatientProfile" name="login" time="9.874"/>
  <testcase classname="org.iit.mmp.patientmodule.tests.TS_SearchSymptoms" name="login" time="9.726"/>
  <testcase classname="org.iit.mmp.patientmodule.tests.TS_EditPatientProfile" name="editProfileAndVerify" time="17.355"/>
  <testcase classname="org.iit.mmp.patientmodule.tests.TS_SearchSymptoms" name="searchSymptoms" time="35.388"/>
  <testcase classname="org.iit.mmp.patientmodule.tests.TS_EditPatientProfile" name="logout" time="0.494"/>
  <testcase classname="org.iit.mmp.patientmodule.tests.TS_SearchSymptoms" name="logout" time="0.481"/>
</testsuite> <!-- PatientProfile -->
