<?xml version="1.0" encoding="UTF-8"?>
<!-- Generated by org.testng.reporters.JUnitXMLReporter -->
<testsuite ignored="0" hostname="PisePC" failures="0" tests="3" name="TestPatientProfileAndSearch" time="56.677" errors="0" timestamp="01 Sep 2020 01:00:59 GMT">
  <testcase classname="org.iit.mmp.patientmodule.tests.TS_EditPatientProfile" name="login" time="11.408"/>
  <testcase classname="org.iit.mmp.patientmodule.tests.TS_EditPatientProfile" name="editProfileAndVerify" time="24.803"/>
  <testcase classname="org.iit.mmp.patientmodule.tests.TS_EditPatientProfile" name="logout" time="0.378"/>
</testsuite> <!-- TestPatientProfileAndSearch -->
