<?xml version="1.0" encoding="UTF-8"?>
<testng-results ignored="0" total="3" passed="3" failed="0" skipped="0">
  <reporter-output>
  </reporter-output>
  <suite started-at="2020-08-31T01:32:46Z" name="SuitePatientPortal" finished-at="2020-08-31T01:33:21Z" duration-ms="34521">
    <groups>
    </groups>
    <test started-at="2020-08-31T01:32:46Z" name="PatientProfile" finished-at="2020-08-31T01:33:21Z" duration-ms="34521">
      <class name="org.iit.mmp.patientmodule.tests.TS_EditPatientProfile">
        <test-method is-config="true" signature="beforeTest()[pri:0, instance:org.iit.mmp.patientmodule.tests.TS_EditPatientProfile@71a8adcf]" started-at="2020-08-31T01:32:46Z" name="beforeTest" finished-at="2020-08-31T01:32:57Z" duration-ms="10386" status="PASS">
          <reporter-output>
          </reporter-output>
        </test-method> <!-- beforeTest -->
        <test-method signature="login()[pri:1, instance:org.iit.mmp.patientmodule.tests.TS_EditPatientProfile@71a8adcf]" started-at="2020-08-31T01:32:57Z" name="login" finished-at="2020-08-31T01:33:06Z" duration-ms="9608" status="PASS">
          <reporter-output>
          </reporter-output>
        </test-method> <!-- login -->
        <test-method signature="editProfileAndVerify()[pri:2, instance:org.iit.mmp.patientmodule.tests.TS_EditPatientProfile@71a8adcf]" started-at="2020-08-31T01:33:06Z" name="editProfileAndVerify" finished-at="2020-08-31T01:33:20Z" duration-ms="13480" status="PASS">
          <reporter-output>
          </reporter-output>
        </test-method> <!-- editProfileAndVerify -->
        <test-method signature="logout()[pri:3, instance:org.iit.mmp.patientmodule.tests.TS_EditPatientProfile@71a8adcf]" started-at="2020-08-31T01:33:20Z" name="logout" finished-at="2020-08-31T01:33:20Z" duration-ms="317" status="PASS">
          <reporter-output>
          </reporter-output>
        </test-method> <!-- logout -->
        <test-method is-config="true" signature="afterTest()[pri:0, instance:org.iit.mmp.patientmodule.tests.TS_EditPatientProfile@71a8adcf]" started-at="2020-08-31T01:33:20Z" name="afterTest" finished-at="2020-08-31T01:33:21Z" duration-ms="708" status="PASS">
          <reporter-output>
          </reporter-output>
        </test-method> <!-- afterTest -->
      </class> <!-- org.iit.mmp.patientmodule.tests.TS_EditPatientProfile -->
    </test> <!-- PatientProfile -->
  </suite> <!-- SuitePatientPortal -->
</testng-results>
