<?xml version="1.0" encoding="UTF-8"?>
<testng-results ignored="0" total="3" passed="3" failed="0" skipped="0">
  <reporter-output>
  </reporter-output>
  <suite started-at="2020-09-01T01:00:01Z" name="SuitePatientPortal" finished-at="2020-09-01T01:00:58Z" duration-ms="56677">
    <groups>
    </groups>
    <test started-at="2020-09-01T01:00:01Z" name="TestPatientProfileAndSearch" finished-at="2020-09-01T01:00:58Z" duration-ms="56677">
      <class name="org.iit.mmp.patientmodule.tests.TS_EditPatientProfile">
        <test-method is-config="true" signature="beforeTest()[pri:0, instance:org.iit.mmp.patientmodule.tests.TS_EditPatientProfile@71a8adcf]" started-at="2020-09-01T01:00:01Z" name="beforeTest" finished-at="2020-09-01T01:00:20Z" duration-ms="18515" status="PASS">
          <reporter-output>
          </reporter-output>
        </test-method> <!-- beforeTest -->
        <test-method signature="login()[pri:1, instance:org.iit.mmp.patientmodule.tests.TS_EditPatientProfile@71a8adcf]" started-at="2020-09-01T01:00:20Z" name="login" finished-at="2020-09-01T01:00:31Z" duration-ms="11408" status="PASS">
          <reporter-output>
          </reporter-output>
        </test-method> <!-- login -->
        <test-method signature="editProfileAndVerify()[pri:2, instance:org.iit.mmp.patientmodule.tests.TS_EditPatientProfile@71a8adcf]" started-at="2020-09-01T01:00:31Z" name="editProfileAndVerify" finished-at="2020-09-01T01:00:56Z" duration-ms="24803" status="PASS">
          <reporter-output>
          </reporter-output>
        </test-method> <!-- editProfileAndVerify -->
        <test-method signature="logout()[pri:3, instance:org.iit.mmp.patientmodule.tests.TS_EditPatientProfile@71a8adcf]" started-at="2020-09-01T01:00:56Z" name="logout" finished-at="2020-09-01T01:00:56Z" duration-ms="378" status="PASS">
          <reporter-output>
          </reporter-output>
        </test-method> <!-- logout -->
        <test-method is-config="true" signature="afterTest()[pri:0, instance:org.iit.mmp.patientmodule.tests.TS_EditPatientProfile@71a8adcf]" started-at="2020-09-01T01:00:56Z" name="afterTest" finished-at="2020-09-01T01:00:58Z" duration-ms="1356" status="PASS">
          <reporter-output>
          </reporter-output>
        </test-method> <!-- afterTest -->
      </class> <!-- org.iit.mmp.patientmodule.tests.TS_EditPatientProfile -->
    </test> <!-- TestPatientProfileAndSearch -->
  </suite> <!-- SuitePatientPortal -->
</testng-results>
