<?xml version="1.0" encoding="UTF-8"?>
<testng-results ignored="0" total="3" passed="3" failed="0" skipped="0">
  <reporter-output>
  </reporter-output>
  <suite started-at="2020-08-31T00:22:27Z" name="Default suite" finished-at="2020-08-31T00:23:02Z" duration-ms="35127">
    <groups>
    </groups>
    <test started-at="2020-08-31T00:22:27Z" name="Default test" finished-at="2020-08-31T00:23:02Z" duration-ms="35127">
      <class name="org.iit.mmp.patientmodule.tests.TS_EditPatientProfile">
        <test-method is-config="true" signature="beforeTest()[pri:0, instance:org.iit.mmp.patientmodule.tests.TS_EditPatientProfile@2e385cce]" started-at="2020-08-31T00:22:27Z" name="beforeTest" finished-at="2020-08-31T00:22:38Z" duration-ms="10724" status="PASS">
          <reporter-output>
          </reporter-output>
        </test-method> <!-- beforeTest -->
        <test-method signature="login()[pri:1, instance:org.iit.mmp.patientmodule.tests.TS_EditPatientProfile@2e385cce]" started-at="2020-08-31T00:22:38Z" name="login" finished-at="2020-08-31T00:22:47Z" duration-ms="9706" status="PASS">
          <reporter-output>
          </reporter-output>
        </test-method> <!-- login -->
        <test-method signature="editProfileAndVerify()[pri:2, instance:org.iit.mmp.patientmodule.tests.TS_EditPatientProfile@2e385cce]" started-at="2020-08-31T00:22:47Z" name="editProfileAndVerify" finished-at="2020-08-31T00:23:01Z" duration-ms="13665" status="PASS">
          <reporter-output>
          </reporter-output>
        </test-method> <!-- editProfileAndVerify -->
        <test-method signature="logout()[pri:3, instance:org.iit.mmp.patientmodule.tests.TS_EditPatientProfile@2e385cce]" started-at="2020-08-31T00:23:01Z" name="logout" finished-at="2020-08-31T00:23:01Z" duration-ms="318" status="PASS">
          <reporter-output>
          </reporter-output>
        </test-method> <!-- logout -->
        <test-method is-config="true" signature="afterTest()[pri:0, instance:org.iit.mmp.patientmodule.tests.TS_EditPatientProfile@2e385cce]" started-at="2020-08-31T00:23:01Z" name="afterTest" finished-at="2020-08-31T00:23:02Z" duration-ms="692" status="PASS">
          <reporter-output>
          </reporter-output>
        </test-method> <!-- afterTest -->
      </class> <!-- org.iit.mmp.patientmodule.tests.TS_EditPatientProfile -->
    </test> <!-- Default test -->
  </suite> <!-- Default suite -->
</testng-results>
